{"__type":"$$EventMessageAudit","id":"3000bb94-c5b9-4f29-b747-302045647802","ts":"2025-10-08T10:02:12.754-03:00","eventName":"n8n.audit.workflow.updated","message":"n8n.audit.workflow.updated","payload":{"userId":"953200df-9405-4a81-b4c0-985f4e07a348","_email":"emanoel_javier@hotmail.com","_firstName":"Emanoel","_lastName":"Costa","globalRole":"global:owner","workflowId":"PPSCCx7rDc4jRStv","workflowName":"My workflow"}}
{"__type":"$$EventMessageConfirm","confirm":"3000bb94-c5b9-4f29-b747-302045647802","ts":"2025-10-08T10:02:12.754-03:00","source":{"id":"0","name":"eventBus"}}
{"__type":"$$EventMessageWorkflow","id":"07e2baf6-aaeb-4e05-9b00-84cbaec854f8","ts":"2025-10-08T10:02:19.988-03:00","eventName":"n8n.workflow.started","message":"n8n.workflow.started","payload":{"executionId":"203","workflowId":"PPSCCx7rDc4jRStv","isManual":false,"workflowName":"My workflow"}}
{"__type":"$$EventMessageConfirm","confirm":"07e2baf6-aaeb-4e05-9b00-84cbaec854f8","ts":"2025-10-08T10:02:19.988-03:00","source":{"id":"0","name":"eventBus"}}
{"__type":"$$EventMessageNode","id":"8d062dbd-457d-49f5-a46a-563e552f60da","ts":"2025-10-08T10:02:19.989-03:00","eventName":"n8n.node.started","message":"n8n.node.started","payload":{"workflowId":"PPSCCx7rDc4jRStv","workflowName":"My workflow","executionId":"203","nodeType":"n8n-nodes-base.telegramTrigger","nodeName":"Telegram Trigger","nodeId":"f7f904f6-9f63-4644-b4e5-c9b7b988b02b"}}
{"__type":"$$EventMessageConfirm","confirm":"8d062dbd-457d-49f5-a46a-563e552f60da","ts":"2025-10-08T10:02:19.989-03:00","source":{"id":"0","name":"eventBus"}}
{"__type":"$$EventMessageNode","id":"a437a998-a0bb-4c98-ad47-87af99dc6a52","ts":"2025-10-08T10:02:19.990-03:00","eventName":"n8n.node.finished","message":"n8n.node.finished","payload":{"workflowId":"PPSCCx7rDc4jRStv","workflowName":"My workflow","executionId":"203","nodeType":"n8n-nodes-base.telegramTrigger","nodeName":"Telegram Trigger","nodeId":"f7f904f6-9f63-4644-b4e5-c9b7b988b02b"}}
{"__type":"$$EventMessageConfirm","confirm":"a437a998-a0bb-4c98-ad47-87af99dc6a52","ts":"2025-10-08T10:02:19.990-03:00","source":{"id":"0","name":"eventBus"}}
{"__type":"$$EventMessageNode","id":"012598ca-d525-499e-a43b-da0e414c9f93","ts":"2025-10-08T10:02:19.991-03:00","eventName":"n8n.node.started","message":"n8n.node.started","payload":{"workflowId":"PPSCCx7rDc4jRStv","workflowName":"My workflow","executionId":"203","nodeType":"n8n-nodes-base.httpRequest","nodeName":"HTTP Request","nodeId":"1e521c51-3cd0-4ab1-b636-41c846cb096a"}}
{"__type":"$$EventMessageConfirm","confirm":"012598ca-d525-499e-a43b-da0e414c9f93","ts":"2025-10-08T10:02:19.991-03:00","source":{"id":"0","name":"eventBus"}}
{"__type":"$$EventMessageNode","id":"dd1216bd-beea-405f-b7b8-f42e1f1a10ee","ts":"2025-10-08T09:02:21.355-04:00","eventName":"n8n.node.finished","message":"n8n.node.finished","payload":{"workflowId":"PPSCCx7rDc4jRStv","workflowName":"My workflow","executionId":"203","nodeType":"n8n-nodes-base.httpRequest","nodeName":"HTTP Request","nodeId":"1e521c51-3cd0-4ab1-b636-41c846cb096a"}}
{"__type":"$$EventMessageConfirm","confirm":"dd1216bd-beea-405f-b7b8-f42e1f1a10ee","ts":"2025-10-08T09:02:21.355-04:00","source":{"id":"0","name":"eventBus"}}
{"__type":"$$EventMessageNode","id":"bae4f7c2-f549-4532-b2e4-2123fea98709","ts":"2025-10-08T09:02:21.355-04:00","eventName":"n8n.node.started","message":"n8n.node.started","payload":{"workflowId":"PPSCCx7rDc4jRStv","workflowName":"My workflow","executionId":"203","nodeType":"n8n-nodes-base.wait","nodeName":"Wait","nodeId":"d7287fc2-2267-40d4-9a6b-50400af5c62c"}}
{"__type":"$$EventMessageConfirm","confirm":"bae4f7c2-f549-4532-b2e4-2123fea98709","ts":"2025-10-08T09:02:21.356-04:00","source":{"id":"0","name":"eventBus"}}
{"__type":"$$EventMessageNode","id":"a5c0053d-de92-435b-8bf5-50a33ddefcc8","ts":"2025-10-08T09:02:41.356-04:00","eventName":"n8n.node.finished","message":"n8n.node.finished","payload":{"workflowId":"PPSCCx7rDc4jRStv","workflowName":"My workflow","executionId":"203","nodeType":"n8n-nodes-base.wait","nodeName":"Wait","nodeId":"d7287fc2-2267-40d4-9a6b-50400af5c62c"}}
{"__type":"$$EventMessageConfirm","confirm":"a5c0053d-de92-435b-8bf5-50a33ddefcc8","ts":"2025-10-08T09:02:41.356-04:00","source":{"id":"0","name":"eventBus"}}
{"__type":"$$EventMessageNode","id":"167fe386-6de0-49d9-8d98-07ad1b0bec01","ts":"2025-10-08T09:02:41.357-04:00","eventName":"n8n.node.started","message":"n8n.node.started","payload":{"workflowId":"PPSCCx7rDc4jRStv","workflowName":"My workflow","executionId":"203","nodeType":"n8n-nodes-base.httpRequest","nodeName":"HTTP Request1","nodeId":"1d9dbea8-31a6-4ded-b999-90d767831c32"}}
{"__type":"$$EventMessageConfirm","confirm":"167fe386-6de0-49d9-8d98-07ad1b0bec01","ts":"2025-10-08T09:02:41.357-04:00","source":{"id":"0","name":"eventBus"}}
{"__type":"$$EventMessageNode","id":"cab02865-7f69-4a4d-9cb2-c49d85ad656d","ts":"2025-10-08T09:02:42.243-04:00","eventName":"n8n.node.finished","message":"n8n.node.finished","payload":{"workflowId":"PPSCCx7rDc4jRStv","workflowName":"My workflow","executionId":"203","nodeType":"n8n-nodes-base.httpRequest","nodeName":"HTTP Request1","nodeId":"1d9dbea8-31a6-4ded-b999-90d767831c32"}}
{"__type":"$$EventMessageConfirm","confirm":"cab02865-7f69-4a4d-9cb2-c49d85ad656d","ts":"2025-10-08T09:02:42.243-04:00","source":{"id":"0","name":"eventBus"}}
{"__type":"$$EventMessageNode","id":"e8e1a325-dc5b-4fb3-b60f-e49c17c34d7e","ts":"2025-10-08T09:02:42.243-04:00","eventName":"n8n.node.started","message":"n8n.node.started","payload":{"workflowId":"PPSCCx7rDc4jRStv","workflowName":"My workflow","executionId":"203","nodeType":"n8n-nodes-base.if","nodeName":"if-consulta_sql_valida","nodeId":"c0a81f92-4be9-4f03-bf07-97ceadf864ac"}}
{"__type":"$$EventMessageConfirm","confirm":"e8e1a325-dc5b-4fb3-b60f-e49c17c34d7e","ts":"2025-10-08T09:02:42.244-04:00","source":{"id":"0","name":"eventBus"}}
{"__type":"$$EventMessageNode","id":"722579a8-6b81-4a42-9732-edca4fdae6ed","ts":"2025-10-08T09:02:42.247-04:00","eventName":"n8n.node.finished","message":"n8n.node.finished","payload":{"workflowId":"PPSCCx7rDc4jRStv","workflowName":"My workflow","executionId":"203","nodeType":"n8n-nodes-base.if","nodeName":"if-consulta_sql_valida","nodeId":"c0a81f92-4be9-4f03-bf07-97ceadf864ac"}}
{"__type":"$$EventMessageConfirm","confirm":"722579a8-6b81-4a42-9732-edca4fdae6ed","ts":"2025-10-08T09:02:42.247-04:00","source":{"id":"0","name":"eventBus"}}
{"__type":"$$EventMessageNode","id":"83bc0c42-170d-4c42-b035-d8f0cafc5003","ts":"2025-10-08T09:02:42.247-04:00","eventName":"n8n.node.started","message":"n8n.node.started","payload":{"workflowId":"PPSCCx7rDc4jRStv","workflowName":"My workflow","executionId":"203","nodeType":"n8n-nodes-base.merge","nodeName":"resposta_vazia","nodeId":"3f13483c-0434-4dfd-9781-6b02264cfd76"}}
{"__type":"$$EventMessageConfirm","confirm":"83bc0c42-170d-4c42-b035-d8f0cafc5003","ts":"2025-10-08T09:02:42.247-04:00","source":{"id":"0","name":"eventBus"}}
{"__type":"$$EventMessageNode","id":"4c7280a3-df60-4176-b7b7-6448e6b6f713","ts":"2025-10-08T09:02:42.256-04:00","eventName":"n8n.node.finished","message":"n8n.node.finished","payload":{"workflowId":"PPSCCx7rDc4jRStv","workflowName":"My workflow","executionId":"203","nodeType":"n8n-nodes-base.merge","nodeName":"resposta_vazia","nodeId":"3f13483c-0434-4dfd-9781-6b02264cfd76"}}
{"__type":"$$EventMessageConfirm","confirm":"4c7280a3-df60-4176-b7b7-6448e6b6f713","ts":"2025-10-08T09:02:42.256-04:00","source":{"id":"0","name":"eventBus"}}
{"__type":"$$EventMessageNode","id":"9f65f067-ac33-47ae-9390-ca19814d3fc2","ts":"2025-10-08T09:02:42.256-04:00","eventName":"n8n.node.started","message":"n8n.node.started","payload":{"workflowId":"PPSCCx7rDc4jRStv","workflowName":"My workflow","executionId":"203","nodeType":"n8n-nodes-base.set","nodeName":"filtro_mensagem","nodeId":"c8da299d-99b3-43f4-a5d7-b9fbb3b5f10f"}}
{"__type":"$$EventMessageConfirm","confirm":"9f65f067-ac33-47ae-9390-ca19814d3fc2","ts":"2025-10-08T09:02:42.256-04:00","source":{"id":"0","name":"eventBus"}}
{"__type":"$$EventMessageNode","id":"0d58f067-08d0-49e0-8288-8922e3f9506e","ts":"2025-10-08T09:02:42.262-04:00","eventName":"n8n.node.finished","message":"n8n.node.finished","payload":{"workflowId":"PPSCCx7rDc4jRStv","workflowName":"My workflow","executionId":"203","nodeType":"n8n-nodes-base.set","nodeName":"filtro_mensagem","nodeId":"c8da299d-99b3-43f4-a5d7-b9fbb3b5f10f"}}
{"__type":"$$EventMessageConfirm","confirm":"0d58f067-08d0-49e0-8288-8922e3f9506e","ts":"2025-10-08T09:02:42.262-04:00","source":{"id":"0","name":"eventBus"}}
{"__type":"$$EventMessageNode","id":"6395e6e8-0f8f-41b9-bcdf-4119e3261573","ts":"2025-10-08T09:02:42.263-04:00","eventName":"n8n.node.started","message":"n8n.node.started","payload":{"workflowId":"PPSCCx7rDc4jRStv","workflowName":"My workflow","executionId":"203","nodeType":"n8n-nodes-base.telegram","nodeName":"Send_interacao_vazia","nodeId":"70f2b291-55a5-4e21-a844-66ce8cddd049"}}
{"__type":"$$EventMessageConfirm","confirm":"6395e6e8-0f8f-41b9-bcdf-4119e3261573","ts":"2025-10-08T09:02:42.263-04:00","source":{"id":"0","name":"eventBus"}}
{"__type":"$$EventMessageNode","id":"07c22389-b9f6-4d9b-af71-b862b503c35b","ts":"2025-10-08T09:02:43.214-04:00","eventName":"n8n.node.finished","message":"n8n.node.finished","payload":{"workflowId":"PPSCCx7rDc4jRStv","workflowName":"My workflow","executionId":"203","nodeType":"n8n-nodes-base.telegram","nodeName":"Send_interacao_vazia","nodeId":"70f2b291-55a5-4e21-a844-66ce8cddd049"}}
{"__type":"$$EventMessageConfirm","confirm":"07c22389-b9f6-4d9b-af71-b862b503c35b","ts":"2025-10-08T09:02:43.214-04:00","source":{"id":"0","name":"eventBus"}}
{"__type":"$$EventMessageNode","id":"06d8b917-702e-401c-923a-e37d5e14134a","ts":"2025-10-08T09:02:43.217-04:00","eventName":"n8n.node.started","message":"n8n.node.started","payload":{"workflowId":"PPSCCx7rDc4jRStv","workflowName":"My workflow","executionId":"203","nodeType":"n8n-nodes-base.merge","nodeName":"dados_consulta","nodeId":"031ca113-f202-4927-9c9b-d88548a9b892"}}
{"__type":"$$EventMessageConfirm","confirm":"06d8b917-702e-401c-923a-e37d5e14134a","ts":"2025-10-08T09:02:43.217-04:00","source":{"id":"0","name":"eventBus"}}
{"__type":"$$EventMessageNode","id":"b1912200-ba76-401c-b161-036660382325","ts":"2025-10-08T09:02:43.218-04:00","eventName":"n8n.node.finished","message":"n8n.node.finished","payload":{"workflowId":"PPSCCx7rDc4jRStv","workflowName":"My workflow","executionId":"203","nodeType":"n8n-nodes-base.merge","nodeName":"dados_consulta","nodeId":"031ca113-f202-4927-9c9b-d88548a9b892"}}
{"__type":"$$EventMessageConfirm","confirm":"b1912200-ba76-401c-b161-036660382325","ts":"2025-10-08T09:02:43.218-04:00","source":{"id":"0","name":"eventBus"}}
{"__type":"$$EventMessageWorkflow","id":"d06daa51-52f5-48ff-857f-82603294d868","ts":"2025-10-08T09:02:43.224-04:00","eventName":"n8n.workflow.success","message":"n8n.workflow.success","payload":{"executionId":"203","success":true,"isManual":true,"workflowId":"PPSCCx7rDc4jRStv","workflowName":"My workflow"}}
{"__type":"$$EventMessageConfirm","confirm":"d06daa51-52f5-48ff-857f-82603294d868","ts":"2025-10-08T09:02:43.224-04:00","source":{"id":"0","name":"eventBus"}}
{"__type":"$$EventMessageAudit","id":"e8f5baf7-5c95-4773-8aa5-06619d4f4809","ts":"2025-10-08T09:02:54.564-04:00","eventName":"n8n.audit.workflow.updated","message":"n8n.audit.workflow.updated","payload":{"userId":"953200df-9405-4a81-b4c0-985f4e07a348","_email":"emanoel_javier@hotmail.com","_firstName":"Emanoel","_lastName":"Costa","globalRole":"global:owner","workflowId":"PPSCCx7rDc4jRStv","workflowName":"My workflow"}}
{"__type":"$$EventMessageConfirm","confirm":"e8f5baf7-5c95-4773-8aa5-06619d4f4809","ts":"2025-10-08T09:02:54.564-04:00","source":{"id":"0","name":"eventBus"}}
