{"__type":"$$EventMessageWorkflow","id":"20c93f44-d563-4b9c-99e2-b78182a71e17","ts":"2025-10-08T12:57:09.085+00:00","eventName":"n8n.workflow.started","message":"n8n.workflow.started","payload":{"executionId":"201","workflowId":"PPSCCx7rDc4jRStv","isManual":false,"workflowName":"My workflow"}}
{"__type":"$$EventMessageConfirm","confirm":"20c93f44-d563-4b9c-99e2-b78182a71e17","ts":"2025-10-08T12:57:09.085+00:00","source":{"id":"0","name":"eventBus"}}
{"__type":"$$EventMessageNode","id":"6af78078-1585-4625-a8a3-d553cdefc572","ts":"2025-10-08T12:57:09.086+00:00","eventName":"n8n.node.started","message":"n8n.node.started","payload":{"workflowId":"PPSCCx7rDc4jRStv","workflowName":"My workflow","executionId":"201","nodeType":"n8n-nodes-base.telegramTrigger","nodeName":"Telegram Trigger","nodeId":"f7f904f6-9f63-4644-b4e5-c9b7b988b02b"}}
{"__type":"$$EventMessageConfirm","confirm":"6af78078-1585-4625-a8a3-d553cdefc572","ts":"2025-10-08T12:57:09.086+00:00","source":{"id":"0","name":"eventBus"}}
{"__type":"$$EventMessageNode","id":"51bf2597-3161-41ec-b614-c84c9df77d9f","ts":"2025-10-08T12:57:09.087+00:00","eventName":"n8n.node.finished","message":"n8n.node.finished","payload":{"workflowId":"PPSCCx7rDc4jRStv","workflowName":"My workflow","executionId":"201","nodeType":"n8n-nodes-base.telegramTrigger","nodeName":"Telegram Trigger","nodeId":"f7f904f6-9f63-4644-b4e5-c9b7b988b02b"}}
{"__type":"$$EventMessageConfirm","confirm":"51bf2597-3161-41ec-b614-c84c9df77d9f","ts":"2025-10-08T12:57:09.087+00:00","source":{"id":"0","name":"eventBus"}}
{"__type":"$$EventMessageNode","id":"a7ce7609-2258-47f1-9625-2d2f8bd5e7c1","ts":"2025-10-08T12:57:09.088+00:00","eventName":"n8n.node.started","message":"n8n.node.started","payload":{"workflowId":"PPSCCx7rDc4jRStv","workflowName":"My workflow","executionId":"201","nodeType":"n8n-nodes-base.httpRequest","nodeName":"HTTP Request","nodeId":"1e521c51-3cd0-4ab1-b636-41c846cb096a"}}
{"__type":"$$EventMessageConfirm","confirm":"a7ce7609-2258-47f1-9625-2d2f8bd5e7c1","ts":"2025-10-08T12:57:09.088+00:00","source":{"id":"0","name":"eventBus"}}
{"__type":"$$EventMessageNode","id":"4a0b30e7-84de-4038-a867-d04164d5f6f6","ts":"2025-10-08T08:57:09.905-04:00","eventName":"n8n.node.finished","message":"n8n.node.finished","payload":{"workflowId":"PPSCCx7rDc4jRStv","workflowName":"My workflow","executionId":"201","nodeType":"n8n-nodes-base.httpRequest","nodeName":"HTTP Request","nodeId":"1e521c51-3cd0-4ab1-b636-41c846cb096a"}}
{"__type":"$$EventMessageConfirm","confirm":"4a0b30e7-84de-4038-a867-d04164d5f6f6","ts":"2025-10-08T08:57:09.905-04:00","source":{"id":"0","name":"eventBus"}}
{"__type":"$$EventMessageWorkflow","id":"eb2557f6-d775-4b6b-84dd-2eb3ae47bad5","ts":"2025-10-08T08:57:09.911-04:00","eventName":"n8n.workflow.failed","message":"n8n.workflow.failed","payload":{"executionId":"201","success":false,"isManual":true,"workflowId":"PPSCCx7rDc4jRStv","workflowName":"My workflow","lastNodeExecuted":"HTTP Request","errorNodeType":"n8n-nodes-base.httpRequest","errorMessage":"Authorization failed - please check your credentials"}}
{"__type":"$$EventMessageConfirm","confirm":"eb2557f6-d775-4b6b-84dd-2eb3ae47bad5","ts":"2025-10-08T08:57:09.911-04:00","source":{"id":"0","name":"eventBus"}}
{"__type":"$$EventMessageAudit","id":"f5841b40-cc78-43ea-8d44-b30a22bfad77","ts":"2025-10-08T08:57:44.388-04:00","eventName":"n8n.audit.workflow.updated","message":"n8n.audit.workflow.updated","payload":{"userId":"953200df-9405-4a81-b4c0-985f4e07a348","_email":"emanoel_javier@hotmail.com","_firstName":"Emanoel","_lastName":"Costa","globalRole":"global:owner","workflowId":"PPSCCx7rDc4jRStv","workflowName":"My workflow"}}
{"__type":"$$EventMessageConfirm","confirm":"f5841b40-cc78-43ea-8d44-b30a22bfad77","ts":"2025-10-08T08:57:44.388-04:00","source":{"id":"0","name":"eventBus"}}
{"__type":"$$EventMessageWorkflow","id":"d6dda6f1-7a01-4693-b601-367c8b00e0e7","ts":"2025-10-08T08:57:55.644-04:00","eventName":"n8n.workflow.started","message":"n8n.workflow.started","payload":{"executionId":"202","workflowId":"PPSCCx7rDc4jRStv","isManual":false,"workflowName":"My workflow"}}
{"__type":"$$EventMessageConfirm","confirm":"d6dda6f1-7a01-4693-b601-367c8b00e0e7","ts":"2025-10-08T08:57:55.644-04:00","source":{"id":"0","name":"eventBus"}}
{"__type":"$$EventMessageNode","id":"cccef860-f947-49ee-9f6e-4c9253ef5a91","ts":"2025-10-08T08:57:55.644-04:00","eventName":"n8n.node.started","message":"n8n.node.started","payload":{"workflowId":"PPSCCx7rDc4jRStv","workflowName":"My workflow","executionId":"202","nodeType":"n8n-nodes-base.telegramTrigger","nodeName":"Telegram Trigger","nodeId":"f7f904f6-9f63-4644-b4e5-c9b7b988b02b"}}
{"__type":"$$EventMessageConfirm","confirm":"cccef860-f947-49ee-9f6e-4c9253ef5a91","ts":"2025-10-08T08:57:55.645-04:00","source":{"id":"0","name":"eventBus"}}
{"__type":"$$EventMessageNode","id":"4cffba68-e659-436f-8c5d-37c5535dea29","ts":"2025-10-08T08:57:55.645-04:00","eventName":"n8n.node.finished","message":"n8n.node.finished","payload":{"workflowId":"PPSCCx7rDc4jRStv","workflowName":"My workflow","executionId":"202","nodeType":"n8n-nodes-base.telegramTrigger","nodeName":"Telegram Trigger","nodeId":"f7f904f6-9f63-4644-b4e5-c9b7b988b02b"}}
{"__type":"$$EventMessageConfirm","confirm":"4cffba68-e659-436f-8c5d-37c5535dea29","ts":"2025-10-08T08:57:55.645-04:00","source":{"id":"0","name":"eventBus"}}
{"__type":"$$EventMessageNode","id":"2da8125e-f25b-4841-a15c-90156d1bed2f","ts":"2025-10-08T08:57:55.645-04:00","eventName":"n8n.node.started","message":"n8n.node.started","payload":{"workflowId":"PPSCCx7rDc4jRStv","workflowName":"My workflow","executionId":"202","nodeType":"n8n-nodes-base.httpRequest","nodeName":"HTTP Request","nodeId":"1e521c51-3cd0-4ab1-b636-41c846cb096a"}}
{"__type":"$$EventMessageConfirm","confirm":"2da8125e-f25b-4841-a15c-90156d1bed2f","ts":"2025-10-08T08:57:55.645-04:00","source":{"id":"0","name":"eventBus"}}
{"__type":"$$EventMessageNode","id":"339882ba-3b03-4de7-9c54-0d8403039b49","ts":"2025-10-08T08:57:56.449-04:00","eventName":"n8n.node.finished","message":"n8n.node.finished","payload":{"workflowId":"PPSCCx7rDc4jRStv","workflowName":"My workflow","executionId":"202","nodeType":"n8n-nodes-base.httpRequest","nodeName":"HTTP Request","nodeId":"1e521c51-3cd0-4ab1-b636-41c846cb096a"}}
{"__type":"$$EventMessageConfirm","confirm":"339882ba-3b03-4de7-9c54-0d8403039b49","ts":"2025-10-08T08:57:56.449-04:00","source":{"id":"0","name":"eventBus"}}
{"__type":"$$EventMessageWorkflow","id":"ac0d851f-70f1-4b75-b715-4bc762b73cab","ts":"2025-10-08T08:57:56.451-04:00","eventName":"n8n.workflow.failed","message":"n8n.workflow.failed","payload":{"executionId":"202","success":false,"isManual":true,"workflowId":"PPSCCx7rDc4jRStv","workflowName":"My workflow","lastNodeExecuted":"HTTP Request","errorNodeType":"n8n-nodes-base.httpRequest","errorMessage":"Authorization failed - please check your credentials"}}
{"__type":"$$EventMessageConfirm","confirm":"ac0d851f-70f1-4b75-b715-4bc762b73cab","ts":"2025-10-08T08:57:56.451-04:00","source":{"id":"0","name":"eventBus"}}
